<?xml version="1.0" encoding="UTF-8"?>
<!-- Generated by org.testng.reporters.JUnitReportReporter -->
<testsuite skipped="0" hostname="IN-HBharish-1" name="com.ta3s.testcases.LoginTest" tests="1" failures="0" timestamp="03 Apr 2017 11:58:27 GMT" time="86.636" errors="0">
  <testcase name="SignIn" time="86.636" classname="com.ta3s.testcases.LoginTest"/>
</testsuite> <!-- com.ta3s.testcases.LoginTest -->
